<?xml version="1.0" encoding="UTF-8"?>
<!-- Generated by org.testng.reporters.JUnitReportReporter -->
<testsuite skipped="0" hostname="Jennifers-MBP-2.fios-router.home" name="techCircle_OrangeHRM.tests.SampleTests" tests="1" failures="0" timestamp="2020-09-10T19:11:26 EDT" time="5.221" errors="0">
  <testcase name="createAUser" time="5.221" classname="techCircle_OrangeHRM.tests.SampleTests"/>
  <system-out/>
</testsuite> <!-- techCircle_OrangeHRM.tests.SampleTests -->
